<?xml version="1.0" encoding="UTF-8"?>
<!-- Generated by org.testng.reporters.JUnitReportReporter -->
<testsuite hostname="EI-LAP-8338" failures="0" tests="1" name="automation.eCommerce.eCommerce_TC1" time="16.180" errors="0" timestamp="2025-04-24T17:29:42 IST" skipped="0">
  <testcase classname="automation.eCommerce.eCommerce_TC1" name="FillForm" time="16.180"/>
</testsuite> <!-- automation.eCommerce.eCommerce_TC1 -->
