<?xml version="1.0" encoding="UTF-8"?>
<!-- Generated by org.testng.reporters.JUnitReportReporter -->
<testsuite hostname="EI-LAP-8338" failures="0" tests="1" name="automation.eCommerce.eCommerce_TC4" time="27.587" errors="0" timestamp="2025-04-09T15:27:05 IST" skipped="0">
  <testcase classname="automation.eCommerce.eCommerce_TC4" name="E2Etest" time="27.587"/>
</testsuite> <!-- automation.eCommerce.eCommerce_TC4 -->
